build/app/intermediates/manifest_merge_blame_file/debug/manifest-merger-blame-debug-report.txt
1<?xml version="1.0" encoding="utf-8"?>
2<manifest xmlns:android="http://schemas.android.com/apk/res/android"
3    package="com.omnisaude.roshe_blue_sync"
4    android:versionCode="1"
5    android:versionName="1.0.0" >
6
7    <uses-sdk
8        android:minSdkVersion="19"
9        android:targetSdkVersion="29" />
10    <!--
11         Flutter needs it to communicate with the running application
12         to allow setting breakpoints, to provide hot reload, etc.
13    -->
14    <uses-permission android:name="android.permission.INTERNET" />
14-->src/debug/AndroidManifest.xml:6:5-66
14-->src/debug/AndroidManifest.xml:6:22-64
15    <!--
16     io.flutter.app.FlutterApplication is an android.app.Application that
17         calls FlutterMain.startInitialization(this); in its onCreate method.
18         In most cases you can leave this as-is, but you if you want to provide
19         additional functionality it is fine to subclass or reimplement
20         FlutterApplication and put your custom class here.
21    -->
22    <uses-permission android:name="android.permission.BLUETOOTH" />
22-->src/main/AndroidManifest.xml:8:3-66
22-->src/main/AndroidManifest.xml:8:20-63
23    <uses-permission android:name="android.permission.BLUETOOTH_ADMIN" />
23-->src/main/AndroidManifest.xml:9:3-72
23-->src/main/AndroidManifest.xml:9:20-69
24    <uses-permission android:name="android.permission.ACCESS_COARSE_LOCATION" />
24-->src/main/AndroidManifest.xml:10:3-79
24-->src/main/AndroidManifest.xml:10:20-76
25    <uses-permission android:name="android.permission.ACCESS_FINE_LOCATION" />
25-->[:flutter_blue] AndroidManifest.xml:9:5-79
25-->[:flutter_blue] AndroidManifest.xml:9:22-76
26
27    <application
27-->src/main/AndroidManifest.xml:11:3-32:17
28        android:name="io.flutter.app.FlutterApplication"
28-->src/main/AndroidManifest.xml:11:16-64
29        android:appComponentFactory="androidx.core.app.CoreComponentFactory"
29-->[androidx.core:core:1.2.0] AndroidManifest.xml:24:18-86
30        android:debuggable="true"
31        android:icon="@mipmap/ic_launcher"
31-->src/main/AndroidManifest.xml:11:106-140
32        android:label="flutter_bluetooth_1_22_6" >
32-->src/main/AndroidManifest.xml:11:65-105
33        <activity
33-->src/main/AndroidManifest.xml:12:5-28:16
34            android:name="com.omnisaude.roshe_blue_sync.MainActivity"
34-->src/main/AndroidManifest.xml:12:15-43
35            android:configChanges="orientation|keyboardHidden|keyboard|screenSize|smallestScreenSize|locale|layoutDirection|fontScale|screenLayout|density|uiMode"
35-->src/main/AndroidManifest.xml:12:110-260
36            android:hardwareAccelerated="true"
36-->src/main/AndroidManifest.xml:12:261-295
37            android:launchMode="singleTop"
37-->src/main/AndroidManifest.xml:12:44-74
38            android:theme="@style/LaunchTheme"
38-->src/main/AndroidManifest.xml:12:75-109
39            android:windowSoftInputMode="adjustResize" >
39-->src/main/AndroidManifest.xml:12:296-338
40
41            <!--
42           Specifies an Android theme to apply to this Activity as soon as
43                 the Android process has started. This theme is visible to the user
44                 while the Flutter UI initializes. After that, this theme continues
45                 to determine the Window background behind the Flutter UI.
46            -->
47            <meta-data
47-->src/main/AndroidManifest.xml:17:7-114
48                android:name="io.flutter.embedding.android.NormalTheme"
48-->src/main/AndroidManifest.xml:17:18-73
49                android:resource="@style/NormalTheme" />
49-->src/main/AndroidManifest.xml:17:74-111
50            <!--
51           Displays an Android View that continues showing the launch screen
52                 Drawable until Flutter paints its first frame, then this splash
53                 screen fades out. A splash screen is useful to avoid any visual
54                 gap between the end of Android's launch screen and the painting of
55                 Flutter's first frame.
56            -->
57            <meta-data
57-->src/main/AndroidManifest.xml:23:7-132
58                android:name="io.flutter.embedding.android.SplashScreenDrawable"
58-->src/main/AndroidManifest.xml:23:18-82
59                android:resource="@drawable/launch_background" />
59-->src/main/AndroidManifest.xml:23:83-129
60
61            <intent-filter>
61-->src/main/AndroidManifest.xml:24:7-27:23
62                <action android:name="android.intent.action.MAIN" />
62-->src/main/AndroidManifest.xml:25:9-61
62-->src/main/AndroidManifest.xml:25:17-58
63
64                <category android:name="android.intent.category.LAUNCHER" />
64-->src/main/AndroidManifest.xml:26:9-69
64-->src/main/AndroidManifest.xml:26:19-66
65            </intent-filter>
66        </activity>
67        <!--
68         Don't delete the meta-data below.
69             This is used by the Flutter tool to generate GeneratedPluginRegistrant.java
70        -->
71        <meta-data
71-->src/main/AndroidManifest.xml:31:5-68
72            android:name="flutterEmbedding"
72-->src/main/AndroidManifest.xml:31:16-47
73            android:value="2" />
73-->src/main/AndroidManifest.xml:31:48-65
74    </application>
75
76</manifest>